<?xml version="1.0" encoding="UTF-8" ?>
<testsuite failures="0" time="0.612" errors="2" skipped="0" tests="2" name="br.unibh.servicospessoas.MainTest">
  <properties>
    <property name="java.runtime.name" value="Java(TM) SE Runtime Environment"/>
    <property name="sun.boot.library.path" value="C:\Program Files (x86)\Java\jdk1.7.0_79\jre\bin"/>
    <property name="java.vm.version" value="24.79-b02"/>
    <property name="java.vm.vendor" value="Oracle Corporation"/>
    <property name="maven.multiModuleProjectDirectory" value="C:\Users\Diego\workspace\servicospessoas"/>
    <property name="java.vendor.url" value="http://java.oracle.com/"/>
    <property name="path.separator" value=";"/>
    <property name="guice.disable.misplaced.annotation.check" value="true"/>
    <property name="java.vm.name" value="Java HotSpot(TM) Client VM"/>
    <property name="file.encoding.pkg" value="sun.io"/>
    <property name="user.script" value=""/>
    <property name="user.country" value="BR"/>
    <property name="sun.java.launcher" value="SUN_STANDARD"/>
    <property name="sun.os.patch.level" value=""/>
    <property name="java.vm.specification.name" value="Java Virtual Machine Specification"/>
    <property name="user.dir" value="C:\Users\Diego\workspace\servicospessoas"/>
    <property name="java.runtime.version" value="1.7.0_79-b15"/>
    <property name="java.awt.graphicsenv" value="sun.awt.Win32GraphicsEnvironment"/>
    <property name="java.endorsed.dirs" value="C:\Program Files (x86)\Java\jdk1.7.0_79\jre\lib\endorsed"/>
    <property name="os.arch" value="x86"/>
    <property name="java.io.tmpdir" value="C:\Users\Diego\AppData\Local\Temp\"/>
    <property name="line.separator" value="
"/>
    <property name="java.vm.specification.vendor" value="Oracle Corporation"/>
    <property name="user.variant" value=""/>
    <property name="os.name" value="Windows 8.1"/>
    <property name="classworlds.conf" value="C:\Users\Diego\workspace\.metadata\.plugins\org.eclipse.m2e.launching\launches\m2conf6250083051272707317.tmp"/>
    <property name="sun.jnu.encoding" value="Cp1252"/>
    <property name="java.library.path" value="C:\Program Files (x86)\Java\jdk1.7.0_79\bin;C:\WINDOWS\Sun\Java\bin;C:\WINDOWS\system32;C:\WINDOWS;C:/Program Files (x86)/Java/jre7/bin/client;C:/Program Files (x86)/Java/jre7/bin;C:/Program Files (x86)/Java/jre7/lib/i386;C:\Program Files (x86)\Intel\iCLS Client\;C:\Program Files\Intel\iCLS Client\;C:\WINDOWS\system32;C:\WINDOWS;C:\WINDOWS\System32\Wbem;C:\WINDOWS\System32\WindowsPowerShell\v1.0\;C:\Program Files (x86)\Intel\Intel(R) Management Engine Components\DAL;C:\Program Files\Intel\Intel(R) Management Engine Components\DAL;C:\Program Files (x86)\Intel\Intel(R) Management Engine Components\IPT;C:\Program Files\Intel\Intel(R) Management Engine Components\IPT;C:\Program Files (x86)\Skype\Phone\;C:\IS\eclipse;;."/>
    <property name="java.specification.name" value="Java Platform API Specification"/>
    <property name="java.class.version" value="51.0"/>
    <property name="sun.management.compiler" value="HotSpot Client Compiler"/>
    <property name="os.version" value="6.3"/>
    <property name="user.home" value="C:\Users\Diego"/>
    <property name="user.timezone" value="America/Sao_Paulo"/>
    <property name="java.awt.printerjob" value="sun.awt.windows.WPrinterJob"/>
    <property name="java.specification.version" value="1.7"/>
    <property name="file.encoding" value="Cp1252"/>
    <property name="user.name" value="Diego"/>
    <property name="java.class.path" value="/C:/IS/eclipse/plugins/org.eclipse.m2e.maven.runtime_1.6.0.20150526-2031/jars/plexus-classworlds-2.5.2.jar"/>
    <property name="java.vm.specification.version" value="1.7"/>
    <property name="sun.arch.data.model" value="32"/>
    <property name="java.home" value="C:\Program Files (x86)\Java\jdk1.7.0_79\jre"/>
    <property name="sun.java.command" value="org.codehaus.plexus.classworlds.launcher.Launcher -B test"/>
    <property name="java.specification.vendor" value="Oracle Corporation"/>
    <property name="user.language" value="pt"/>
    <property name="awt.toolkit" value="sun.awt.windows.WToolkit"/>
    <property name="java.vm.info" value="mixed mode, sharing"/>
    <property name="java.version" value="1.7.0_79"/>
    <property name="java.ext.dirs" value="C:\Program Files (x86)\Java\jdk1.7.0_79\jre\lib\ext;C:\WINDOWS\Sun\Java\lib\ext"/>
    <property name="sun.boot.class.path" value="C:\Program Files (x86)\Java\jdk1.7.0_79\jre\lib\resources.jar;C:\Program Files (x86)\Java\jdk1.7.0_79\jre\lib\rt.jar;C:\Program Files (x86)\Java\jdk1.7.0_79\jre\lib\sunrsasign.jar;C:\Program Files (x86)\Java\jdk1.7.0_79\jre\lib\jsse.jar;C:\Program Files (x86)\Java\jdk1.7.0_79\jre\lib\jce.jar;C:\Program Files (x86)\Java\jdk1.7.0_79\jre\lib\charsets.jar;C:\Program Files (x86)\Java\jdk1.7.0_79\jre\lib\jfr.jar;C:\Program Files (x86)\Java\jdk1.7.0_79\jre\classes"/>
    <property name="java.vendor" value="Oracle Corporation"/>
    <property name="maven.home" value="C:\Users\Diego\workspace\servicospessoas\EMBEDDED"/>
    <property name="file.separator" value="\"/>
    <property name="java.vendor.url.bug" value="http://bugreport.sun.com/bugreport/"/>
    <property name="sun.cpu.endian" value="little"/>
    <property name="sun.io.unicode.encoding" value="UnicodeLittle"/>
    <property name="sun.desktop" value="windows"/>
    <property name="sun.cpu.isalist" value="pentium_pro+mmx pentium_pro pentium+mmx pentium i486 i386 i86"/>
  </properties>
  <testcase time="0.505" classname="br.unibh.servicospessoas.MainTest" name="testMyResource">
    <error message="java.text.ParseException: Next event is not a Token" type="java.lang.IllegalArgumentException">java.lang.IllegalArgumentException: java.text.ParseException: Next event is not a Token
	at com.sun.jersey.core.header.MediaTypes.createQualitySourceMediaTypes(MediaTypes.java:289)
	at com.sun.jersey.core.header.MediaTypes.createQualitySourceMediaTypes(MediaTypes.java:274)
	at com.sun.jersey.server.impl.modelapi.annotation.IntrospectionModeller.addProduces(IntrospectionModeller.java:173)
	at com.sun.jersey.server.impl.modelapi.annotation.IntrospectionModeller.workOutResourceMethodsList(IntrospectionModeller.java:303)
	at com.sun.jersey.server.impl.modelapi.annotation.IntrospectionModeller.createResource(IntrospectionModeller.java:126)
	at com.sun.jersey.server.impl.application.WebApplicationImpl.getAbstractResource(WebApplicationImpl.java:769)
	at com.sun.jersey.server.impl.application.WebApplicationImpl.createAbstractResourceModelStructures(WebApplicationImpl.java:1595)
	at com.sun.jersey.server.impl.application.WebApplicationImpl._initiate(WebApplicationImpl.java:1356)
	at com.sun.jersey.server.impl.application.WebApplicationImpl.access$700(WebApplicationImpl.java:180)
	at com.sun.jersey.server.impl.application.WebApplicationImpl$13.f(WebApplicationImpl.java:799)
	at com.sun.jersey.server.impl.application.WebApplicationImpl$13.f(WebApplicationImpl.java:795)
	at com.sun.jersey.spi.inject.Errors.processWithErrors(Errors.java:193)
	at com.sun.jersey.server.impl.application.WebApplicationImpl.initiate(WebApplicationImpl.java:795)
	at com.sun.jersey.api.container.ContainerFactory.createContainer(ContainerFactory.java:172)
	at com.sun.jersey.api.container.ContainerFactory.createContainer(ContainerFactory.java:134)
	at com.sun.jersey.api.container.grizzly2.GrizzlyServerFactory.createHttpServer(GrizzlyServerFactory.java:243)
	at br.unibh.servicospessoas.Main.startServer(Main.java:38)
	at br.unibh.servicospessoas.MainTest.setUp(MainTest.java:27)
	at junit.framework.TestCase.runBare(TestCase.java:132)
	at junit.framework.TestResult$1.protect(TestResult.java:110)
	at junit.framework.TestResult.runProtected(TestResult.java:128)
	at junit.framework.TestResult.run(TestResult.java:113)
	at junit.framework.TestCase.run(TestCase.java:124)
	at junit.framework.TestSuite.runTest(TestSuite.java:243)
	at junit.framework.TestSuite.run(TestSuite.java:238)
	at org.junit.internal.runners.JUnit38ClassRunner.run(JUnit38ClassRunner.java:83)
	at org.apache.maven.surefire.junit4.JUnit4Provider.execute(JUnit4Provider.java:252)
	at org.apache.maven.surefire.junit4.JUnit4Provider.executeTestSet(JUnit4Provider.java:141)
	at org.apache.maven.surefire.junit4.JUnit4Provider.invoke(JUnit4Provider.java:112)
	at sun.reflect.NativeMethodAccessorImpl.invoke0(Native Method)
	at sun.reflect.NativeMethodAccessorImpl.invoke(NativeMethodAccessorImpl.java:57)
	at sun.reflect.DelegatingMethodAccessorImpl.invoke(DelegatingMethodAccessorImpl.java:43)
	at java.lang.reflect.Method.invoke(Method.java:606)
	at org.apache.maven.surefire.util.ReflectionUtils.invokeMethodWithArray(ReflectionUtils.java:189)
	at org.apache.maven.surefire.booter.ProviderFactory$ProviderProxy.invoke(ProviderFactory.java:165)
	at org.apache.maven.surefire.booter.ProviderFactory.invokeProvider(ProviderFactory.java:85)
	at org.apache.maven.surefire.booter.ForkedBooter.runSuitesInProcess(ForkedBooter.java:115)
	at org.apache.maven.surefire.booter.ForkedBooter.main(ForkedBooter.java:75)
Caused by: java.text.ParseException: Next event is not a Token
	at com.sun.jersey.core.header.reader.HttpHeaderReader.nextToken(HttpHeaderReader.java:102)
	at com.sun.jersey.core.header.QualitySourceMediaType.valueOf(QualitySourceMediaType.java:84)
	at com.sun.jersey.core.header.reader.HttpHeaderReader$5.create(HttpHeaderReader.java:360)
	at com.sun.jersey.core.header.reader.HttpHeaderReader$5.create(HttpHeaderReader.java:358)
	at com.sun.jersey.core.header.reader.HttpHeaderReader.readList(HttpHeaderReader.java:481)
	at com.sun.jersey.core.header.reader.HttpHeaderReader.readList(HttpHeaderReader.java:473)
	at com.sun.jersey.core.header.reader.HttpHeaderReader.readAcceptableList(HttpHeaderReader.java:461)
	at com.sun.jersey.core.header.reader.HttpHeaderReader.readQualitySourceMediaType(HttpHeaderReader.java:365)
	at com.sun.jersey.core.header.reader.HttpHeaderReader.readQualitySourceMediaType(HttpHeaderReader.java:373)
	at com.sun.jersey.core.header.MediaTypes.createQualitySourceMediaTypes(MediaTypes.java:287)
	... 37 more
</error>
    <system-out>Starting grizzly2...
</system-out>
    <system-err>Set 29, 2015 10:14:16 PM com.sun.jersey.api.core.PackagesResourceConfig init
INFORMAÇÕES: Scanning for root resource and provider classes in the packages:
  br.unibh.servicospessoas
Set 29, 2015 10:14:16 PM com.sun.jersey.api.core.ScanningResourceConfig logClasses
INFORMAÇÕES: Root resource classes found:
  class br.unibh.servicospessoas.servicos.ServicoPessoaFisicaRestJson
  class br.unibh.servicospessoas.servicos.MyResource
Set 29, 2015 10:14:16 PM com.sun.jersey.api.core.ScanningResourceConfig init
INFORMAÇÕES: No provider classes found.
Set 29, 2015 10:14:16 PM com.sun.jersey.server.impl.application.WebApplicationImpl _initiate
INFORMAÇÕES: Initiating Jersey application, version &apos;Jersey: 1.19 02/11/2015 03:25 AM&apos;
</system-err>
  </testcase>
  <testcase time="0.107" classname="br.unibh.servicospessoas.MainTest" name="testApplicationWadl">
    <error message="java.text.ParseException: Next event is not a Token" type="java.lang.IllegalArgumentException">java.lang.IllegalArgumentException: java.text.ParseException: Next event is not a Token
	at com.sun.jersey.core.header.MediaTypes.createQualitySourceMediaTypes(MediaTypes.java:289)
	at com.sun.jersey.core.header.MediaTypes.createQualitySourceMediaTypes(MediaTypes.java:274)
	at com.sun.jersey.server.impl.modelapi.annotation.IntrospectionModeller.addProduces(IntrospectionModeller.java:173)
	at com.sun.jersey.server.impl.modelapi.annotation.IntrospectionModeller.workOutResourceMethodsList(IntrospectionModeller.java:303)
	at com.sun.jersey.server.impl.modelapi.annotation.IntrospectionModeller.createResource(IntrospectionModeller.java:126)
	at com.sun.jersey.server.impl.application.WebApplicationImpl.getAbstractResource(WebApplicationImpl.java:769)
	at com.sun.jersey.server.impl.application.WebApplicationImpl.createAbstractResourceModelStructures(WebApplicationImpl.java:1595)
	at com.sun.jersey.server.impl.application.WebApplicationImpl._initiate(WebApplicationImpl.java:1356)
	at com.sun.jersey.server.impl.application.WebApplicationImpl.access$700(WebApplicationImpl.java:180)
	at com.sun.jersey.server.impl.application.WebApplicationImpl$13.f(WebApplicationImpl.java:799)
	at com.sun.jersey.server.impl.application.WebApplicationImpl$13.f(WebApplicationImpl.java:795)
	at com.sun.jersey.spi.inject.Errors.processWithErrors(Errors.java:193)
	at com.sun.jersey.server.impl.application.WebApplicationImpl.initiate(WebApplicationImpl.java:795)
	at com.sun.jersey.api.container.ContainerFactory.createContainer(ContainerFactory.java:172)
	at com.sun.jersey.api.container.ContainerFactory.createContainer(ContainerFactory.java:134)
	at com.sun.jersey.api.container.grizzly2.GrizzlyServerFactory.createHttpServer(GrizzlyServerFactory.java:243)
	at br.unibh.servicospessoas.Main.startServer(Main.java:38)
	at br.unibh.servicospessoas.MainTest.setUp(MainTest.java:27)
	at junit.framework.TestCase.runBare(TestCase.java:132)
	at junit.framework.TestResult$1.protect(TestResult.java:110)
	at junit.framework.TestResult.runProtected(TestResult.java:128)
	at junit.framework.TestResult.run(TestResult.java:113)
	at junit.framework.TestCase.run(TestCase.java:124)
	at junit.framework.TestSuite.runTest(TestSuite.java:243)
	at junit.framework.TestSuite.run(TestSuite.java:238)
	at org.junit.internal.runners.JUnit38ClassRunner.run(JUnit38ClassRunner.java:83)
	at org.apache.maven.surefire.junit4.JUnit4Provider.execute(JUnit4Provider.java:252)
	at org.apache.maven.surefire.junit4.JUnit4Provider.executeTestSet(JUnit4Provider.java:141)
	at org.apache.maven.surefire.junit4.JUnit4Provider.invoke(JUnit4Provider.java:112)
	at sun.reflect.NativeMethodAccessorImpl.invoke0(Native Method)
	at sun.reflect.NativeMethodAccessorImpl.invoke(NativeMethodAccessorImpl.java:57)
	at sun.reflect.DelegatingMethodAccessorImpl.invoke(DelegatingMethodAccessorImpl.java:43)
	at java.lang.reflect.Method.invoke(Method.java:606)
	at org.apache.maven.surefire.util.ReflectionUtils.invokeMethodWithArray(ReflectionUtils.java:189)
	at org.apache.maven.surefire.booter.ProviderFactory$ProviderProxy.invoke(ProviderFactory.java:165)
	at org.apache.maven.surefire.booter.ProviderFactory.invokeProvider(ProviderFactory.java:85)
	at org.apache.maven.surefire.booter.ForkedBooter.runSuitesInProcess(ForkedBooter.java:115)
	at org.apache.maven.surefire.booter.ForkedBooter.main(ForkedBooter.java:75)
Caused by: java.text.ParseException: Next event is not a Token
	at com.sun.jersey.core.header.reader.HttpHeaderReader.nextToken(HttpHeaderReader.java:102)
	at com.sun.jersey.core.header.QualitySourceMediaType.valueOf(QualitySourceMediaType.java:84)
	at com.sun.jersey.core.header.reader.HttpHeaderReader$5.create(HttpHeaderReader.java:360)
	at com.sun.jersey.core.header.reader.HttpHeaderReader$5.create(HttpHeaderReader.java:358)
	at com.sun.jersey.core.header.reader.HttpHeaderReader.readList(HttpHeaderReader.java:481)
	at com.sun.jersey.core.header.reader.HttpHeaderReader.readList(HttpHeaderReader.java:473)
	at com.sun.jersey.core.header.reader.HttpHeaderReader.readAcceptableList(HttpHeaderReader.java:461)
	at com.sun.jersey.core.header.reader.HttpHeaderReader.readQualitySourceMediaType(HttpHeaderReader.java:365)
	at com.sun.jersey.core.header.reader.HttpHeaderReader.readQualitySourceMediaType(HttpHeaderReader.java:373)
	at com.sun.jersey.core.header.MediaTypes.createQualitySourceMediaTypes(MediaTypes.java:287)
	... 37 more
</error>
    <system-out>Starting grizzly2...
</system-out>
    <system-err>Set 29, 2015 10:14:17 PM com.sun.jersey.api.core.PackagesResourceConfig init
INFORMAÇÕES: Scanning for root resource and provider classes in the packages:
  br.unibh.servicospessoas
Set 29, 2015 10:14:17 PM com.sun.jersey.api.core.ScanningResourceConfig logClasses
INFORMAÇÕES: Root resource classes found:
  class br.unibh.servicospessoas.servicos.ServicoPessoaFisicaRestJson
  class br.unibh.servicospessoas.servicos.MyResource
Set 29, 2015 10:14:17 PM com.sun.jersey.api.core.ScanningResourceConfig init
INFORMAÇÕES: No provider classes found.
Set 29, 2015 10:14:17 PM com.sun.jersey.server.impl.application.WebApplicationImpl _initiate
INFORMAÇÕES: Initiating Jersey application, version &apos;Jersey: 1.19 02/11/2015 03:25 AM&apos;
</system-err>
  </testcase>
</testsuite>